number,value,datetime_start,datetime_complete,duration,params_BATCH_SIZE,params_FEATURE_DEPTH,params_FEATURE_WIDTH,params_GRAD_CLIP_VALUE,params_LEARNING_RATE,params_N_HIDDEN,params_READOUT_DEPTH,params_READOUT_WIDTH,params_WEIGHT_DECAY,user_attrs_best_epoch,user_attrs_checkpoint_path,user_attrs_config,user_attrs_elapsed_seconds,state
0,7.21284641258535e-06,2026-03-28 14:15:46.394730,2026-03-28 14:45:25.730193,0 days 00:29:39.335463,16,3,16,2.0,0.0008722644857716459,8,3,128,3.5162532138189827e-06,217,/Users/jackhenry/Library/CloudStorage/OneDrive-UniversityofCambridge/Labs and Courswork/IIB Coursework/4C11/4C11_assignment_3/artifacts/checkpoints/optuna_gru_trial_0000.pt,"{""BATCH_SIZE"": 16, ""CORE_TYPE"": ""gru"", ""EARLY_STOPPING_PATIENCE"": 60, ""EPOCHS"": 220, ""FEATURE_DEPTH"": 3, ""FEATURE_WIDTH"": 16, ""GRAD_CLIP_VALUE"": 2.0, ""LEARNING_RATE"": 0.0008722644857716459, ""LR_FACTOR"": 0.5, ""LR_PATIENCE"": 15, ""MIN_EPOCHS"": 90, ""MODEL_TAG"": ""optuna_gru_trial_0000"", ""NUM_WORKERS"": 0, ""N_HIDDEN"": 8, ""PRINT_EVERY_EPOCHS"": 10, ""READOUT_DEPTH"": 3, ""READOUT_WIDTH"": 128, ""SEED"": 20260328, ""SHUFFLE"": true, ""USE_TRUE_INITIAL_OUTPUT"": true, ""VERBOSE"": false, ""WEIGHT_DECAY"": 3.5162532138189827e-06}",1779.2706636249932,COMPLETE
1,9.159458386420738e-06,2026-03-28 14:45:25.870778,2026-03-28 14:58:42.316736,0 days 00:13:16.445958,32,2,16,2.0,0.000503708116283024,8,2,128,0.0002212134018525576,217,/Users/jackhenry/Library/CloudStorage/OneDrive-UniversityofCambridge/Labs and Courswork/IIB Coursework/4C11/4C11_assignment_3/artifacts/checkpoints/optuna_gru_trial_0001.pt,"{""BATCH_SIZE"": 32, ""CORE_TYPE"": ""gru"", ""EARLY_STOPPING_PATIENCE"": 60, ""EPOCHS"": 220, ""FEATURE_DEPTH"": 2, ""FEATURE_WIDTH"": 16, ""GRAD_CLIP_VALUE"": 2.0, ""LEARNING_RATE"": 0.000503708116283024, ""LR_FACTOR"": 0.5, ""LR_PATIENCE"": 15, ""MIN_EPOCHS"": 90, ""MODEL_TAG"": ""optuna_gru_trial_0001"", ""NUM_WORKERS"": 0, ""N_HIDDEN"": 8, ""PRINT_EVERY_EPOCHS"": 10, ""READOUT_DEPTH"": 2, ""READOUT_WIDTH"": 128, ""SEED"": 20260329, ""SHUFFLE"": true, ""USE_TRUE_INITIAL_OUTPUT"": true, ""VERBOSE"": false, ""WEIGHT_DECAY"": 0.0002212134018525576}",796.4238625410071,COMPLETE
2,4.864781203650637e-06,2026-03-28 14:58:42.444471,2026-03-28 15:12:05.816620,0 days 00:13:23.372149,32,1,16,2.0,0.0002363075394940121,32,2,192,1.2273343427037579e-05,220,/Users/jackhenry/Library/CloudStorage/OneDrive-UniversityofCambridge/Labs and Courswork/IIB Coursework/4C11/4C11_assignment_3/artifacts/checkpoints/optuna_gru_trial_0002.pt,"{""BATCH_SIZE"": 32, ""CORE_TYPE"": ""gru"", ""EARLY_STOPPING_PATIENCE"": 60, ""EPOCHS"": 220, ""FEATURE_DEPTH"": 1, ""FEATURE_WIDTH"": 16, ""GRAD_CLIP_VALUE"": 2.0, ""LEARNING_RATE"": 0.0002363075394940121, ""LR_FACTOR"": 0.5, ""LR_PATIENCE"": 15, ""MIN_EPOCHS"": 90, ""MODEL_TAG"": ""optuna_gru_trial_0002"", ""NUM_WORKERS"": 0, ""N_HIDDEN"": 32, ""PRINT_EVERY_EPOCHS"": 10, ""READOUT_DEPTH"": 2, ""READOUT_WIDTH"": 192, ""SEED"": 20260330, ""SHUFFLE"": true, ""USE_TRUE_INITIAL_OUTPUT"": true, ""VERBOSE"": false, ""WEIGHT_DECAY"": 1.2273343427037579e-05}",803.3460334170086,COMPLETE
3,1.1880924830620643e-06,2026-03-28 15:12:05.951703,2026-03-28 16:07:24.097477,0 days 00:55:18.145774,8,2,32,5.0,0.0017398302796616445,40,4,96,1.6882313858542968e-05,215,/Users/jackhenry/Library/CloudStorage/OneDrive-UniversityofCambridge/Labs and Courswork/IIB Coursework/4C11/4C11_assignment_3/artifacts/checkpoints/optuna_gru_trial_0003.pt,"{""BATCH_SIZE"": 8, ""CORE_TYPE"": ""gru"", ""EARLY_STOPPING_PATIENCE"": 60, ""EPOCHS"": 220, ""FEATURE_DEPTH"": 2, ""FEATURE_WIDTH"": 32, ""GRAD_CLIP_VALUE"": 5.0, ""LEARNING_RATE"": 0.0017398302796616445, ""LR_FACTOR"": 0.5, ""LR_PATIENCE"": 15, ""MIN_EPOCHS"": 90, ""MODEL_TAG"": ""optuna_gru_trial_0003"", ""NUM_WORKERS"": 0, ""N_HIDDEN"": 40, ""PRINT_EVERY_EPOCHS"": 10, ""READOUT_DEPTH"": 4, ""READOUT_WIDTH"": 96, ""SEED"": 20260331, ""SHUFFLE"": true, ""USE_TRUE_INITIAL_OUTPUT"": true, ""VERBOSE"": false, ""WEIGHT_DECAY"": 1.6882313858542968e-05}",3318.12464324999,COMPLETE
4,4.731130957225105e-06,2026-03-28 16:07:24.241728,2026-03-28 16:38:09.565356,0 days 00:30:45.323628,16,3,64,5.0,0.00032411209427712955,12,3,128,0.0002764292890638718,208,/Users/jackhenry/Library/CloudStorage/OneDrive-UniversityofCambridge/Labs and Courswork/IIB Coursework/4C11/4C11_assignment_3/artifacts/checkpoints/optuna_gru_trial_0004.pt,"{""BATCH_SIZE"": 16, ""CORE_TYPE"": ""gru"", ""EARLY_STOPPING_PATIENCE"": 60, ""EPOCHS"": 220, ""FEATURE_DEPTH"": 3, ""FEATURE_WIDTH"": 64, ""GRAD_CLIP_VALUE"": 5.0, ""LEARNING_RATE"": 0.00032411209427712955, ""LR_FACTOR"": 0.5, ""LR_PATIENCE"": 15, ""MIN_EPOCHS"": 90, ""MODEL_TAG"": ""optuna_gru_trial_0004"", ""NUM_WORKERS"": 0, ""N_HIDDEN"": 12, ""PRINT_EVERY_EPOCHS"": 10, ""READOUT_DEPTH"": 3, ""READOUT_WIDTH"": 128, ""SEED"": 20260332, ""SHUFFLE"": true, ""USE_TRUE_INITIAL_OUTPUT"": true, ""VERBOSE"": false, ""WEIGHT_DECAY"": 0.0002764292890638718}",1845.3025234160013,COMPLETE
5,7.01675617165165e-06,2026-03-28 16:38:09.687874,2026-03-28 16:54:09.737076,0 days 00:16:00.049202,32,3,16,5.0,0.0005028094536203313,16,2,192,0.006419491545112786,215,/Users/jackhenry/Library/CloudStorage/OneDrive-UniversityofCambridge/Labs and Courswork/IIB Coursework/4C11/4C11_assignment_3/artifacts/checkpoints/optuna_gru_trial_0005.pt,"{""BATCH_SIZE"": 32, ""CORE_TYPE"": ""gru"", ""EARLY_STOPPING_PATIENCE"": 60, ""EPOCHS"": 220, ""FEATURE_DEPTH"": 3, ""FEATURE_WIDTH"": 16, ""GRAD_CLIP_VALUE"": 5.0, ""LEARNING_RATE"": 0.0005028094536203313, ""LR_FACTOR"": 0.5, ""LR_PATIENCE"": 15, ""MIN_EPOCHS"": 90, ""MODEL_TAG"": ""optuna_gru_trial_0005"", ""NUM_WORKERS"": 0, ""N_HIDDEN"": 16, ""PRINT_EVERY_EPOCHS"": 10, ""READOUT_DEPTH"": 2, ""READOUT_WIDTH"": 192, ""SEED"": 20260333, ""SHUFFLE"": true, ""USE_TRUE_INITIAL_OUTPUT"": true, ""VERBOSE"": false, ""WEIGHT_DECAY"": 0.006419491545112786}",960.0193885830085,COMPLETE
6,2.2354588509188034e-06,2026-03-28 16:54:09.864837,2026-03-28 17:09:17.621714,0 days 00:15:07.756877,32,3,16,1.0,0.004113101630115934,28,2,192,0.00816234366285431,208,/Users/jackhenry/Library/CloudStorage/OneDrive-UniversityofCambridge/Labs and Courswork/IIB Coursework/4C11/4C11_assignment_3/artifacts/checkpoints/optuna_gru_trial_0006.pt,"{""BATCH_SIZE"": 32, ""CORE_TYPE"": ""gru"", ""EARLY_STOPPING_PATIENCE"": 60, ""EPOCHS"": 220, ""FEATURE_DEPTH"": 3, ""FEATURE_WIDTH"": 16, ""GRAD_CLIP_VALUE"": 1.0, ""LEARNING_RATE"": 0.004113101630115934, ""LR_FACTOR"": 0.5, ""LR_PATIENCE"": 15, ""MIN_EPOCHS"": 90, ""MODEL_TAG"": ""optuna_gru_trial_0006"", ""NUM_WORKERS"": 0, ""N_HIDDEN"": 28, ""PRINT_EVERY_EPOCHS"": 10, ""READOUT_DEPTH"": 2, ""READOUT_WIDTH"": 192, ""SEED"": 20260334, ""SHUFFLE"": true, ""USE_TRUE_INITIAL_OUTPUT"": true, ""VERBOSE"": false, ""WEIGHT_DECAY"": 0.00816234366285431}",907.7338932499988,COMPLETE
7,5.8629470913729165e-06,2026-03-28 17:09:17.754902,2026-03-28 18:05:57.569231,0 days 00:56:39.814329,8,2,64,2.0,0.0038834949738465996,4,3,192,0.00012567990806245158,205,/Users/jackhenry/Library/CloudStorage/OneDrive-UniversityofCambridge/Labs and Courswork/IIB Coursework/4C11/4C11_assignment_3/artifacts/checkpoints/optuna_gru_trial_0007.pt,"{""BATCH_SIZE"": 8, ""CORE_TYPE"": ""gru"", ""EARLY_STOPPING_PATIENCE"": 60, ""EPOCHS"": 220, ""FEATURE_DEPTH"": 2, ""FEATURE_WIDTH"": 64, ""GRAD_CLIP_VALUE"": 2.0, ""LEARNING_RATE"": 0.0038834949738465996, ""LR_FACTOR"": 0.5, ""LR_PATIENCE"": 15, ""MIN_EPOCHS"": 90, ""MODEL_TAG"": ""optuna_gru_trial_0007"", ""NUM_WORKERS"": 0, ""N_HIDDEN"": 4, ""PRINT_EVERY_EPOCHS"": 10, ""READOUT_DEPTH"": 3, ""READOUT_WIDTH"": 192, ""SEED"": 20260335, ""SHUFFLE"": true, ""USE_TRUE_INITIAL_OUTPUT"": true, ""VERBOSE"": false, ""WEIGHT_DECAY"": 0.00012567990806245158}",3399.7817272920074,COMPLETE
8,1.8963168031405075e-06,2026-03-28 18:05:57.679367,2026-03-28 18:34:27.487210,0 days 00:28:29.807843,16,2,64,2.0,0.0013148716899966935,44,4,128,0.0018098896018151006,129,/Users/jackhenry/Library/CloudStorage/OneDrive-UniversityofCambridge/Labs and Courswork/IIB Coursework/4C11/4C11_assignment_3/artifacts/checkpoints/optuna_gru_trial_0008.pt,"{""BATCH_SIZE"": 16, ""CORE_TYPE"": ""gru"", ""EARLY_STOPPING_PATIENCE"": 60, ""EPOCHS"": 220, ""FEATURE_DEPTH"": 2, ""FEATURE_WIDTH"": 64, ""GRAD_CLIP_VALUE"": 2.0, ""LEARNING_RATE"": 0.0013148716899966935, ""LR_FACTOR"": 0.5, ""LR_PATIENCE"": 15, ""MIN_EPOCHS"": 90, ""MODEL_TAG"": ""optuna_gru_trial_0008"", ""NUM_WORKERS"": 0, ""N_HIDDEN"": 44, ""PRINT_EVERY_EPOCHS"": 10, ""READOUT_DEPTH"": 4, ""READOUT_WIDTH"": 128, ""SEED"": 20260336, ""SHUFFLE"": true, ""USE_TRUE_INITIAL_OUTPUT"": true, ""VERBOSE"": false, ""WEIGHT_DECAY"": 0.0018098896018151006}",1709.7765480840026,COMPLETE
9,6.426749678212218e-06,2026-03-28 18:34:27.596028,2026-03-28 18:58:41.601705,0 days 00:24:14.005677,16,2,32,2.0,0.0001829415923582823,32,2,192,0.008929489332002428,219,/Users/jackhenry/Library/CloudStorage/OneDrive-UniversityofCambridge/Labs and Courswork/IIB Coursework/4C11/4C11_assignment_3/artifacts/checkpoints/optuna_gru_trial_0009.pt,"{""BATCH_SIZE"": 16, ""CORE_TYPE"": ""gru"", ""EARLY_STOPPING_PATIENCE"": 60, ""EPOCHS"": 220, ""FEATURE_DEPTH"": 2, ""FEATURE_WIDTH"": 32, ""GRAD_CLIP_VALUE"": 2.0, ""LEARNING_RATE"": 0.0001829415923582823, ""LR_FACTOR"": 0.5, ""LR_PATIENCE"": 15, ""MIN_EPOCHS"": 90, ""MODEL_TAG"": ""optuna_gru_trial_0009"", ""NUM_WORKERS"": 0, ""N_HIDDEN"": 32, ""PRINT_EVERY_EPOCHS"": 10, ""READOUT_DEPTH"": 2, ""READOUT_WIDTH"": 192, ""SEED"": 20260337, ""SHUFFLE"": true, ""USE_TRUE_INITIAL_OUTPUT"": true, ""VERBOSE"": false, ""WEIGHT_DECAY"": 0.008929489332002428}",1453.987146667001,COMPLETE
10,1.1510612694110023e-06,2026-03-28 18:58:41.688388,2026-03-28 19:48:44.721914,0 days 00:50:03.033526,8,1,32,0.5,0.0017806980439500808,48,4,96,1.8044989047379548e-05,207,/Users/jackhenry/Library/CloudStorage/OneDrive-UniversityofCambridge/Labs and Courswork/IIB Coursework/4C11/4C11_assignment_3/artifacts/checkpoints/optuna_gru_trial_0010.pt,"{""BATCH_SIZE"": 8, ""CORE_TYPE"": ""gru"", ""EARLY_STOPPING_PATIENCE"": 60, ""EPOCHS"": 220, ""FEATURE_DEPTH"": 1, ""FEATURE_WIDTH"": 32, ""GRAD_CLIP_VALUE"": 0.5, ""LEARNING_RATE"": 0.0017806980439500808, ""LR_FACTOR"": 0.5, ""LR_PATIENCE"": 15, ""MIN_EPOCHS"": 90, ""MODEL_TAG"": ""optuna_gru_trial_0010"", ""NUM_WORKERS"": 0, ""N_HIDDEN"": 48, ""PRINT_EVERY_EPOCHS"": 10, ""READOUT_DEPTH"": 4, ""READOUT_WIDTH"": 96, ""SEED"": 20260338, ""SHUFFLE"": true, ""USE_TRUE_INITIAL_OUTPUT"": true, ""VERBOSE"": false, ""WEIGHT_DECAY"": 1.8044989047379548e-05}",3003.0109461669927,COMPLETE
11,1.2163221754235565e-06,2026-03-28 19:48:44.849270,2026-03-28 20:41:45.281934,0 days 00:53:00.432664,8,1,32,0.5,0.0018177929193890178,48,4,96,1.8123914365651553e-05,216,/Users/jackhenry/Library/CloudStorage/OneDrive-UniversityofCambridge/Labs and Courswork/IIB Coursework/4C11/4C11_assignment_3/artifacts/checkpoints/optuna_gru_trial_0011.pt,"{""BATCH_SIZE"": 8, ""CORE_TYPE"": ""gru"", ""EARLY_STOPPING_PATIENCE"": 60, ""EPOCHS"": 220, ""FEATURE_DEPTH"": 1, ""FEATURE_WIDTH"": 32, ""GRAD_CLIP_VALUE"": 0.5, ""LEARNING_RATE"": 0.0018177929193890178, ""LR_FACTOR"": 0.5, ""LR_PATIENCE"": 15, ""MIN_EPOCHS"": 90, ""MODEL_TAG"": ""optuna_gru_trial_0011"", ""NUM_WORKERS"": 0, ""N_HIDDEN"": 48, ""PRINT_EVERY_EPOCHS"": 10, ""READOUT_DEPTH"": 4, ""READOUT_WIDTH"": 96, ""SEED"": 20260339, ""SHUFFLE"": true, ""USE_TRUE_INITIAL_OUTPUT"": true, ""VERBOSE"": false, ""WEIGHT_DECAY"": 1.8123914365651553e-05}",3180.3914023339894,COMPLETE
12,8.36028618778073e-07,2026-03-28 20:41:45.389710,2026-03-28 21:36:11.900337,0 days 00:54:26.510627,8,1,32,0.5,0.0020246394393832255,40,4,96,2.486113705217959e-05,215,/Users/jackhenry/Library/CloudStorage/OneDrive-UniversityofCambridge/Labs and Courswork/IIB Coursework/4C11/4C11_assignment_3/artifacts/checkpoints/optuna_gru_trial_0012.pt,"{""BATCH_SIZE"": 8, ""CORE_TYPE"": ""gru"", ""EARLY_STOPPING_PATIENCE"": 60, ""EPOCHS"": 220, ""FEATURE_DEPTH"": 1, ""FEATURE_WIDTH"": 32, ""GRAD_CLIP_VALUE"": 0.5, ""LEARNING_RATE"": 0.0020246394393832255, ""LR_FACTOR"": 0.5, ""LR_PATIENCE"": 15, ""MIN_EPOCHS"": 90, ""MODEL_TAG"": ""optuna_gru_trial_0012"", ""NUM_WORKERS"": 0, ""N_HIDDEN"": 40, ""PRINT_EVERY_EPOCHS"": 10, ""READOUT_DEPTH"": 4, ""READOUT_WIDTH"": 96, ""SEED"": 20260340, ""SHUFFLE"": true, ""USE_TRUE_INITIAL_OUTPUT"": true, ""VERBOSE"": false, ""WEIGHT_DECAY"": 2.486113705217959e-05}",3266.4820666250016,COMPLETE
13,1.2606675454662764e-06,2026-03-28 21:36:12.046834,2026-03-28 23:23:34.921572,0 days 01:47:22.874738,8,1,96,0.5,0.0001014003804210052,40,4,96,1.225217127135918e-06,219,/Users/jackhenry/Library/CloudStorage/OneDrive-UniversityofCambridge/Labs and Courswork/IIB Coursework/4C11/4C11_assignment_3/artifacts/checkpoints/optuna_gru_trial_0013.pt,"{""BATCH_SIZE"": 8, ""CORE_TYPE"": ""gru"", ""EARLY_STOPPING_PATIENCE"": 60, ""EPOCHS"": 220, ""FEATURE_DEPTH"": 1, ""FEATURE_WIDTH"": 96, ""GRAD_CLIP_VALUE"": 0.5, ""LEARNING_RATE"": 0.0001014003804210052, ""LR_FACTOR"": 0.5, ""LR_PATIENCE"": 15, ""MIN_EPOCHS"": 90, ""MODEL_TAG"": ""optuna_gru_trial_0013"", ""NUM_WORKERS"": 0, ""N_HIDDEN"": 40, ""PRINT_EVERY_EPOCHS"": 10, ""READOUT_DEPTH"": 4, ""READOUT_WIDTH"": 96, ""SEED"": 20260341, ""SHUFFLE"": true, ""USE_TRUE_INITIAL_OUTPUT"": true, ""VERBOSE"": false, ""WEIGHT_DECAY"": 1.225217127135918e-06}",3181.561108791997,COMPLETE
14,9.95240156953514e-07,2026-03-28 23:23:35.011093,2026-03-29 00:03:00.740775,0 days 00:39:25.729682,8,1,32,0.5,0.00246452023709454,48,4,64,3.4027119269615646e-05,220,/Users/jackhenry/Library/CloudStorage/OneDrive-UniversityofCambridge/Labs and Courswork/IIB Coursework/4C11/4C11_assignment_3/artifacts/checkpoints/optuna_gru_trial_0014.pt,"{""BATCH_SIZE"": 8, ""CORE_TYPE"": ""gru"", ""EARLY_STOPPING_PATIENCE"": 60, ""EPOCHS"": 220, ""FEATURE_DEPTH"": 1, ""FEATURE_WIDTH"": 32, ""GRAD_CLIP_VALUE"": 0.5, ""LEARNING_RATE"": 0.00246452023709454, ""LR_FACTOR"": 0.5, ""LR_PATIENCE"": 15, ""MIN_EPOCHS"": 90, ""MODEL_TAG"": ""optuna_gru_trial_0014"", ""NUM_WORKERS"": 0, ""N_HIDDEN"": 48, ""PRINT_EVERY_EPOCHS"": 10, ""READOUT_DEPTH"": 4, ""READOUT_WIDTH"": 64, ""SEED"": 20260342, ""SHUFFLE"": true, ""USE_TRUE_INITIAL_OUTPUT"": true, ""VERBOSE"": false, ""WEIGHT_DECAY"": 3.4027119269615646e-05}",2365.709584250013,COMPLETE
15,8.969670943770325e-07,2026-03-29 00:03:00.829140,2026-03-29 00:46:58.452767,0 days 00:43:57.623627,8,1,32,0.5,0.0029079488269897792,36,4,64,5.475194305665423e-05,209,/Users/jackhenry/Library/CloudStorage/OneDrive-UniversityofCambridge/Labs and Courswork/IIB Coursework/4C11/4C11_assignment_3/artifacts/checkpoints/optuna_gru_trial_0015.pt,"{""BATCH_SIZE"": 8, ""CORE_TYPE"": ""gru"", ""EARLY_STOPPING_PATIENCE"": 60, ""EPOCHS"": 220, ""FEATURE_DEPTH"": 1, ""FEATURE_WIDTH"": 32, ""GRAD_CLIP_VALUE"": 0.5, ""LEARNING_RATE"": 0.0029079488269897792, ""LR_FACTOR"": 0.5, ""LR_PATIENCE"": 15, ""MIN_EPOCHS"": 90, ""MODEL_TAG"": ""optuna_gru_trial_0015"", ""NUM_WORKERS"": 0, ""N_HIDDEN"": 36, ""PRINT_EVERY_EPOCHS"": 10, ""READOUT_DEPTH"": 4, ""READOUT_WIDTH"": 64, ""SEED"": 20260343, ""SHUFFLE"": true, ""USE_TRUE_INITIAL_OUTPUT"": true, ""VERBOSE"": false, ""WEIGHT_DECAY"": 5.475194305665423e-05}",2637.6007324999955,COMPLETE
16,1.1021827504009707e-06,2026-03-29 00:46:58.552217,2026-03-29 02:17:41.889527,0 days 01:30:43.337310,8,1,96,0.5,0.0030756565770932733,20,3,64,5.957619804864099e-05,219,/Users/jackhenry/Library/CloudStorage/OneDrive-UniversityofCambridge/Labs and Courswork/IIB Coursework/4C11/4C11_assignment_3/artifacts/checkpoints/optuna_gru_trial_0016.pt,"{""BATCH_SIZE"": 8, ""CORE_TYPE"": ""gru"", ""EARLY_STOPPING_PATIENCE"": 60, ""EPOCHS"": 220, ""FEATURE_DEPTH"": 1, ""FEATURE_WIDTH"": 96, ""GRAD_CLIP_VALUE"": 0.5, ""LEARNING_RATE"": 0.0030756565770932733, ""LR_FACTOR"": 0.5, ""LR_PATIENCE"": 15, ""MIN_EPOCHS"": 90, ""MODEL_TAG"": ""optuna_gru_trial_0016"", ""NUM_WORKERS"": 0, ""N_HIDDEN"": 20, ""PRINT_EVERY_EPOCHS"": 10, ""READOUT_DEPTH"": 3, ""READOUT_WIDTH"": 64, ""SEED"": 20260344, ""SHUFFLE"": true, ""USE_TRUE_INITIAL_OUTPUT"": true, ""VERBOSE"": false, ""WEIGHT_DECAY"": 5.957619804864099e-05}",1843.3051569579984,COMPLETE
17,1.168770040749223e-06,2026-03-29 02:17:41.972279,2026-03-29 02:47:46.202902,0 days 00:30:04.230623,8,1,32,1.0,0.0010024605967229165,36,4,64,0.0007259395746875949,211,/Users/jackhenry/Library/CloudStorage/OneDrive-UniversityofCambridge/Labs and Courswork/IIB Coursework/4C11/4C11_assignment_3/artifacts/checkpoints/optuna_gru_trial_0017.pt,"{""BATCH_SIZE"": 8, ""CORE_TYPE"": ""gru"", ""EARLY_STOPPING_PATIENCE"": 60, ""EPOCHS"": 220, ""FEATURE_DEPTH"": 1, ""FEATURE_WIDTH"": 32, ""GRAD_CLIP_VALUE"": 1.0, ""LEARNING_RATE"": 0.0010024605967229165, ""LR_FACTOR"": 0.5, ""LR_PATIENCE"": 15, ""MIN_EPOCHS"": 90, ""MODEL_TAG"": ""optuna_gru_trial_0017"", ""NUM_WORKERS"": 0, ""N_HIDDEN"": 36, ""PRINT_EVERY_EPOCHS"": 10, ""READOUT_DEPTH"": 4, ""READOUT_WIDTH"": 64, ""SEED"": 20260345, ""SHUFFLE"": true, ""USE_TRUE_INITIAL_OUTPUT"": true, ""VERBOSE"": false, ""WEIGHT_DECAY"": 0.0007259395746875949}",1804.2142662919941,COMPLETE
18,9.670532108430052e-07,2026-03-29 02:47:46.320547,2026-03-29 03:13:29.400754,0 days 00:25:43.080207,8,1,32,0.5,0.002355279954680317,24,3,64,5.051239775223732e-06,213,/Users/jackhenry/Library/CloudStorage/OneDrive-UniversityofCambridge/Labs and Courswork/IIB Coursework/4C11/4C11_assignment_3/artifacts/checkpoints/optuna_gru_trial_0018.pt,"{""BATCH_SIZE"": 8, ""CORE_TYPE"": ""gru"", ""EARLY_STOPPING_PATIENCE"": 60, ""EPOCHS"": 220, ""FEATURE_DEPTH"": 1, ""FEATURE_WIDTH"": 32, ""GRAD_CLIP_VALUE"": 0.5, ""LEARNING_RATE"": 0.002355279954680317, ""LR_FACTOR"": 0.5, ""LR_PATIENCE"": 15, ""MIN_EPOCHS"": 90, ""MODEL_TAG"": ""optuna_gru_trial_0018"", ""NUM_WORKERS"": 0, ""N_HIDDEN"": 24, ""PRINT_EVERY_EPOCHS"": 10, ""READOUT_DEPTH"": 3, ""READOUT_WIDTH"": 64, ""SEED"": 20260346, ""SHUFFLE"": true, ""USE_TRUE_INITIAL_OUTPUT"": true, ""VERBOSE"": false, ""WEIGHT_DECAY"": 5.051239775223732e-06}",1543.0636379159987,COMPLETE
19,1.2042460184602533e-06,2026-03-29 03:13:29.495733,2026-03-29 03:48:18.542924,0 days 00:34:49.047191,8,2,32,0.5,0.0049970729413538716,36,4,96,6.119232523850798e-05,207,/Users/jackhenry/Library/CloudStorage/OneDrive-UniversityofCambridge/Labs and Courswork/IIB Coursework/4C11/4C11_assignment_3/artifacts/checkpoints/optuna_gru_trial_0019.pt,"{""BATCH_SIZE"": 8, ""CORE_TYPE"": ""gru"", ""EARLY_STOPPING_PATIENCE"": 60, ""EPOCHS"": 220, ""FEATURE_DEPTH"": 2, ""FEATURE_WIDTH"": 32, ""GRAD_CLIP_VALUE"": 0.5, ""LEARNING_RATE"": 0.0049970729413538716, ""LR_FACTOR"": 0.5, ""LR_PATIENCE"": 15, ""MIN_EPOCHS"": 90, ""MODEL_TAG"": ""optuna_gru_trial_0019"", ""NUM_WORKERS"": 0, ""N_HIDDEN"": 36, ""PRINT_EVERY_EPOCHS"": 10, ""READOUT_DEPTH"": 4, ""READOUT_WIDTH"": 96, ""SEED"": 20260347, ""SHUFFLE"": true, ""USE_TRUE_INITIAL_OUTPUT"": true, ""VERBOSE"": false, ""WEIGHT_DECAY"": 6.119232523850798e-05}",2089.0312954160036,COMPLETE
20,1.1199409755136003e-06,2026-03-29 03:48:18.626848,2026-03-29 04:18:54.086469,0 days 00:30:35.459621,8,1,96,0.5,0.0011989604193171962,28,4,64,0.0005950236038228905,213,/Users/jackhenry/Library/CloudStorage/OneDrive-UniversityofCambridge/Labs and Courswork/IIB Coursework/4C11/4C11_assignment_3/artifacts/checkpoints/optuna_gru_trial_0020.pt,"{""BATCH_SIZE"": 8, ""CORE_TYPE"": ""gru"", ""EARLY_STOPPING_PATIENCE"": 60, ""EPOCHS"": 220, ""FEATURE_DEPTH"": 1, ""FEATURE_WIDTH"": 96, ""GRAD_CLIP_VALUE"": 0.5, ""LEARNING_RATE"": 0.0011989604193171962, ""LR_FACTOR"": 0.5, ""LR_PATIENCE"": 15, ""MIN_EPOCHS"": 90, ""MODEL_TAG"": ""optuna_gru_trial_0020"", ""NUM_WORKERS"": 0, ""N_HIDDEN"": 28, ""PRINT_EVERY_EPOCHS"": 10, ""READOUT_DEPTH"": 4, ""READOUT_WIDTH"": 64, ""SEED"": 20260348, ""SHUFFLE"": true, ""USE_TRUE_INITIAL_OUTPUT"": true, ""VERBOSE"": false, ""WEIGHT_DECAY"": 0.0005950236038228905}",1835.444197792007,COMPLETE
21,1.124143295783142e-06,2026-03-29 04:18:54.167440,2026-03-29 04:44:32.300417,0 days 00:25:38.132977,8,1,32,0.5,0.0024888287782881143,20,3,64,4.751082066664655e-06,207,/Users/jackhenry/Library/CloudStorage/OneDrive-UniversityofCambridge/Labs and Courswork/IIB Coursework/4C11/4C11_assignment_3/artifacts/checkpoints/optuna_gru_trial_0021.pt,"{""BATCH_SIZE"": 8, ""CORE_TYPE"": ""gru"", ""EARLY_STOPPING_PATIENCE"": 60, ""EPOCHS"": 220, ""FEATURE_DEPTH"": 1, ""FEATURE_WIDTH"": 32, ""GRAD_CLIP_VALUE"": 0.5, ""LEARNING_RATE"": 0.0024888287782881143, ""LR_FACTOR"": 0.5, ""LR_PATIENCE"": 15, ""MIN_EPOCHS"": 90, ""MODEL_TAG"": ""optuna_gru_trial_0021"", ""NUM_WORKERS"": 0, ""N_HIDDEN"": 20, ""PRINT_EVERY_EPOCHS"": 10, ""READOUT_DEPTH"": 3, ""READOUT_WIDTH"": 64, ""SEED"": 20260349, ""SHUFFLE"": true, ""USE_TRUE_INITIAL_OUTPUT"": true, ""VERBOSE"": false, ""WEIGHT_DECAY"": 4.751082066664655e-06}",1538.109892833003,COMPLETE
