number,value,datetime_start,datetime_complete,duration,params_BATCH_SIZE,params_FEATURE_DEPTH,params_FEATURE_WIDTH,params_GRAD_CLIP_VALUE,params_LEARNING_RATE,params_N_HIDDEN,params_READOUT_DEPTH,params_READOUT_WIDTH,params_WEIGHT_DECAY,user_attrs_best_epoch,user_attrs_checkpoint_path,user_attrs_config,user_attrs_elapsed_seconds,state
0,8.373259333893657e-06,2026-03-28 01:01:00.726390,2026-03-28 01:27:04.968480,0 days 00:26:04.242090,16,3,16,2.0,0.0008722644857716459,8,3,128,3.5162532138189827e-06,195,/Users/jackhenry/Library/CloudStorage/OneDrive-UniversityofCambridge/Labs and Courswork/IIB Coursework/4C11/4C11_assignment_3/artifacts/checkpoints/optuna_rnn_trial_0000.pt,"{""BATCH_SIZE"": 16, ""CORE_TYPE"": ""rnn"", ""EARLY_STOPPING_PATIENCE"": 60, ""EPOCHS"": 220, ""FEATURE_DEPTH"": 3, ""FEATURE_WIDTH"": 16, ""GRAD_CLIP_VALUE"": 2.0, ""LEARNING_RATE"": 0.0008722644857716459, ""LR_FACTOR"": 0.5, ""LR_PATIENCE"": 15, ""MIN_EPOCHS"": 90, ""MODEL_TAG"": ""optuna_rnn_trial_0000"", ""NUM_WORKERS"": 0, ""N_HIDDEN"": 8, ""PRINT_EVERY_EPOCHS"": 10, ""READOUT_DEPTH"": 3, ""READOUT_WIDTH"": 128, ""SEED"": 20260328, ""SHUFFLE"": true, ""USE_TRUE_INITIAL_OUTPUT"": true, ""VERBOSE"": false, ""WEIGHT_DECAY"": 3.5162532138189827e-06}",1564.1986141250018,COMPLETE
1,1.27499597510905e-05,2026-03-28 01:27:05.078089,2026-03-28 01:36:18.915406,0 days 00:09:13.837317,32,2,16,2.0,0.000503708116283024,8,2,128,0.0002212134018525576,219,/Users/jackhenry/Library/CloudStorage/OneDrive-UniversityofCambridge/Labs and Courswork/IIB Coursework/4C11/4C11_assignment_3/artifacts/checkpoints/optuna_rnn_trial_0001.pt,"{""BATCH_SIZE"": 32, ""CORE_TYPE"": ""rnn"", ""EARLY_STOPPING_PATIENCE"": 60, ""EPOCHS"": 220, ""FEATURE_DEPTH"": 2, ""FEATURE_WIDTH"": 16, ""GRAD_CLIP_VALUE"": 2.0, ""LEARNING_RATE"": 0.000503708116283024, ""LR_FACTOR"": 0.5, ""LR_PATIENCE"": 15, ""MIN_EPOCHS"": 90, ""MODEL_TAG"": ""optuna_rnn_trial_0001"", ""NUM_WORKERS"": 0, ""N_HIDDEN"": 8, ""PRINT_EVERY_EPOCHS"": 10, ""READOUT_DEPTH"": 2, ""READOUT_WIDTH"": 128, ""SEED"": 20260329, ""SHUFFLE"": true, ""USE_TRUE_INITIAL_OUTPUT"": true, ""VERBOSE"": false, ""WEIGHT_DECAY"": 0.0002212134018525576}",553.8162356249959,COMPLETE
2,9.385291377839167e-06,2026-03-28 01:36:19.013550,2026-03-28 01:45:14.722993,0 days 00:08:55.709443,32,1,16,2.0,0.0002363075394940121,32,2,192,1.2273343427037579e-05,220,/Users/jackhenry/Library/CloudStorage/OneDrive-UniversityofCambridge/Labs and Courswork/IIB Coursework/4C11/4C11_assignment_3/artifacts/checkpoints/optuna_rnn_trial_0002.pt,"{""BATCH_SIZE"": 32, ""CORE_TYPE"": ""rnn"", ""EARLY_STOPPING_PATIENCE"": 60, ""EPOCHS"": 220, ""FEATURE_DEPTH"": 1, ""FEATURE_WIDTH"": 16, ""GRAD_CLIP_VALUE"": 2.0, ""LEARNING_RATE"": 0.0002363075394940121, ""LR_FACTOR"": 0.5, ""LR_PATIENCE"": 15, ""MIN_EPOCHS"": 90, ""MODEL_TAG"": ""optuna_rnn_trial_0002"", ""NUM_WORKERS"": 0, ""N_HIDDEN"": 32, ""PRINT_EVERY_EPOCHS"": 10, ""READOUT_DEPTH"": 2, ""READOUT_WIDTH"": 192, ""SEED"": 20260330, ""SHUFFLE"": true, ""USE_TRUE_INITIAL_OUTPUT"": true, ""VERBOSE"": false, ""WEIGHT_DECAY"": 1.2273343427037579e-05}",535.688672874996,COMPLETE
3,7.428163371514529e-06,2026-03-28 01:45:14.863021,2026-03-28 02:26:40.520375,0 days 00:41:25.657354,8,2,32,5.0,0.0017398302796616445,40,4,96,1.6882313858542968e-05,209,/Users/jackhenry/Library/CloudStorage/OneDrive-UniversityofCambridge/Labs and Courswork/IIB Coursework/4C11/4C11_assignment_3/artifacts/checkpoints/optuna_rnn_trial_0003.pt,"{""BATCH_SIZE"": 8, ""CORE_TYPE"": ""rnn"", ""EARLY_STOPPING_PATIENCE"": 60, ""EPOCHS"": 220, ""FEATURE_DEPTH"": 2, ""FEATURE_WIDTH"": 32, ""GRAD_CLIP_VALUE"": 5.0, ""LEARNING_RATE"": 0.0017398302796616445, ""LR_FACTOR"": 0.5, ""LR_PATIENCE"": 15, ""MIN_EPOCHS"": 90, ""MODEL_TAG"": ""optuna_rnn_trial_0003"", ""NUM_WORKERS"": 0, ""N_HIDDEN"": 40, ""PRINT_EVERY_EPOCHS"": 10, ""READOUT_DEPTH"": 4, ""READOUT_WIDTH"": 96, ""SEED"": 20260331, ""SHUFFLE"": true, ""USE_TRUE_INITIAL_OUTPUT"": true, ""VERBOSE"": false, ""WEIGHT_DECAY"": 1.6882313858542968e-05}",2485.6369565409987,COMPLETE
4,8.384717148146592e-06,2026-03-28 02:26:40.651705,2026-03-28 02:50:22.407265,0 days 00:23:41.755560,16,3,64,5.0,0.00032411209427712955,12,3,128,0.0002764292890638718,219,/Users/jackhenry/Library/CloudStorage/OneDrive-UniversityofCambridge/Labs and Courswork/IIB Coursework/4C11/4C11_assignment_3/artifacts/checkpoints/optuna_rnn_trial_0004.pt,"{""BATCH_SIZE"": 16, ""CORE_TYPE"": ""rnn"", ""EARLY_STOPPING_PATIENCE"": 60, ""EPOCHS"": 220, ""FEATURE_DEPTH"": 3, ""FEATURE_WIDTH"": 64, ""GRAD_CLIP_VALUE"": 5.0, ""LEARNING_RATE"": 0.00032411209427712955, ""LR_FACTOR"": 0.5, ""LR_PATIENCE"": 15, ""MIN_EPOCHS"": 90, ""MODEL_TAG"": ""optuna_rnn_trial_0004"", ""NUM_WORKERS"": 0, ""N_HIDDEN"": 12, ""PRINT_EVERY_EPOCHS"": 10, ""READOUT_DEPTH"": 3, ""READOUT_WIDTH"": 128, ""SEED"": 20260332, ""SHUFFLE"": true, ""USE_TRUE_INITIAL_OUTPUT"": true, ""VERBOSE"": false, ""WEIGHT_DECAY"": 0.0002764292890638718}",1421.7330133750002,COMPLETE
5,8.404766958847176e-06,2026-03-28 02:50:22.507631,2026-03-28 03:01:10.872490,0 days 00:10:48.364859,32,3,16,5.0,0.0005028094536203313,16,2,192,0.006419491545112786,217,/Users/jackhenry/Library/CloudStorage/OneDrive-UniversityofCambridge/Labs and Courswork/IIB Coursework/4C11/4C11_assignment_3/artifacts/checkpoints/optuna_rnn_trial_0005.pt,"{""BATCH_SIZE"": 32, ""CORE_TYPE"": ""rnn"", ""EARLY_STOPPING_PATIENCE"": 60, ""EPOCHS"": 220, ""FEATURE_DEPTH"": 3, ""FEATURE_WIDTH"": 16, ""GRAD_CLIP_VALUE"": 5.0, ""LEARNING_RATE"": 0.0005028094536203313, ""LR_FACTOR"": 0.5, ""LR_PATIENCE"": 15, ""MIN_EPOCHS"": 90, ""MODEL_TAG"": ""optuna_rnn_trial_0005"", ""NUM_WORKERS"": 0, ""N_HIDDEN"": 16, ""PRINT_EVERY_EPOCHS"": 10, ""READOUT_DEPTH"": 2, ""READOUT_WIDTH"": 192, ""SEED"": 20260333, ""SHUFFLE"": true, ""USE_TRUE_INITIAL_OUTPUT"": true, ""VERBOSE"": false, ""WEIGHT_DECAY"": 0.006419491545112786}",648.3066041670027,COMPLETE
6,8.40940629132092e-06,2026-03-28 03:01:10.970536,2026-03-28 03:12:11.507258,0 days 00:11:00.536722,32,3,16,1.0,0.004113101630115934,28,2,192,0.00816234366285431,211,/Users/jackhenry/Library/CloudStorage/OneDrive-UniversityofCambridge/Labs and Courswork/IIB Coursework/4C11/4C11_assignment_3/artifacts/checkpoints/optuna_rnn_trial_0006.pt,"{""BATCH_SIZE"": 32, ""CORE_TYPE"": ""rnn"", ""EARLY_STOPPING_PATIENCE"": 60, ""EPOCHS"": 220, ""FEATURE_DEPTH"": 3, ""FEATURE_WIDTH"": 16, ""GRAD_CLIP_VALUE"": 1.0, ""LEARNING_RATE"": 0.004113101630115934, ""LR_FACTOR"": 0.5, ""LR_PATIENCE"": 15, ""MIN_EPOCHS"": 90, ""MODEL_TAG"": ""optuna_rnn_trial_0006"", ""NUM_WORKERS"": 0, ""N_HIDDEN"": 28, ""PRINT_EVERY_EPOCHS"": 10, ""READOUT_DEPTH"": 2, ""READOUT_WIDTH"": 192, ""SEED"": 20260334, ""SHUFFLE"": true, ""USE_TRUE_INITIAL_OUTPUT"": true, ""VERBOSE"": false, ""WEIGHT_DECAY"": 0.00816234366285431}",660.5159990829998,COMPLETE
7,8.488479579682462e-06,2026-03-28 03:12:11.601303,2026-03-28 03:51:12.592824,0 days 00:39:00.991521,8,2,64,2.0,0.0038834949738465996,4,3,192,0.00012567990806245158,194,/Users/jackhenry/Library/CloudStorage/OneDrive-UniversityofCambridge/Labs and Courswork/IIB Coursework/4C11/4C11_assignment_3/artifacts/checkpoints/optuna_rnn_trial_0007.pt,"{""BATCH_SIZE"": 8, ""CORE_TYPE"": ""rnn"", ""EARLY_STOPPING_PATIENCE"": 60, ""EPOCHS"": 220, ""FEATURE_DEPTH"": 2, ""FEATURE_WIDTH"": 64, ""GRAD_CLIP_VALUE"": 2.0, ""LEARNING_RATE"": 0.0038834949738465996, ""LR_FACTOR"": 0.5, ""LR_PATIENCE"": 15, ""MIN_EPOCHS"": 90, ""MODEL_TAG"": ""optuna_rnn_trial_0007"", ""NUM_WORKERS"": 0, ""N_HIDDEN"": 4, ""PRINT_EVERY_EPOCHS"": 10, ""READOUT_DEPTH"": 3, ""READOUT_WIDTH"": 192, ""SEED"": 20260335, ""SHUFFLE"": true, ""USE_TRUE_INITIAL_OUTPUT"": true, ""VERBOSE"": false, ""WEIGHT_DECAY"": 0.00012567990806245158}",2340.9737765840036,COMPLETE
8,7.614736205141526e-06,2026-03-28 03:51:12.678858,2026-03-28 04:10:22.087002,0 days 00:19:09.408144,16,2,64,2.0,0.0013148716899966935,44,4,128,0.0018098896018151006,207,/Users/jackhenry/Library/CloudStorage/OneDrive-UniversityofCambridge/Labs and Courswork/IIB Coursework/4C11/4C11_assignment_3/artifacts/checkpoints/optuna_rnn_trial_0008.pt,"{""BATCH_SIZE"": 16, ""CORE_TYPE"": ""rnn"", ""EARLY_STOPPING_PATIENCE"": 60, ""EPOCHS"": 220, ""FEATURE_DEPTH"": 2, ""FEATURE_WIDTH"": 64, ""GRAD_CLIP_VALUE"": 2.0, ""LEARNING_RATE"": 0.0013148716899966935, ""LR_FACTOR"": 0.5, ""LR_PATIENCE"": 15, ""MIN_EPOCHS"": 90, ""MODEL_TAG"": ""optuna_rnn_trial_0008"", ""NUM_WORKERS"": 0, ""N_HIDDEN"": 44, ""PRINT_EVERY_EPOCHS"": 10, ""READOUT_DEPTH"": 4, ""READOUT_WIDTH"": 128, ""SEED"": 20260336, ""SHUFFLE"": true, ""USE_TRUE_INITIAL_OUTPUT"": true, ""VERBOSE"": false, ""WEIGHT_DECAY"": 0.0018098896018151006}",1149.3926007909977,COMPLETE
9,9.420760761713609e-06,2026-03-28 04:10:22.173638,2026-03-28 04:23:04.743446,0 days 00:12:42.569808,16,2,32,2.0,0.0001829415923582823,32,2,192,0.008929489332002428,217,/Users/jackhenry/Library/CloudStorage/OneDrive-UniversityofCambridge/Labs and Courswork/IIB Coursework/4C11/4C11_assignment_3/artifacts/checkpoints/optuna_rnn_trial_0009.pt,"{""BATCH_SIZE"": 16, ""CORE_TYPE"": ""rnn"", ""EARLY_STOPPING_PATIENCE"": 60, ""EPOCHS"": 220, ""FEATURE_DEPTH"": 2, ""FEATURE_WIDTH"": 32, ""GRAD_CLIP_VALUE"": 2.0, ""LEARNING_RATE"": 0.0001829415923582823, ""LR_FACTOR"": 0.5, ""LR_PATIENCE"": 15, ""MIN_EPOCHS"": 90, ""MODEL_TAG"": ""optuna_rnn_trial_0009"", ""NUM_WORKERS"": 0, ""N_HIDDEN"": 32, ""PRINT_EVERY_EPOCHS"": 10, ""READOUT_DEPTH"": 2, ""READOUT_WIDTH"": 192, ""SEED"": 20260337, ""SHUFFLE"": true, ""USE_TRUE_INITIAL_OUTPUT"": true, ""VERBOSE"": false, ""WEIGHT_DECAY"": 0.008929489332002428}",762.5556940409951,COMPLETE
10,6.773433597118128e-06,2026-03-28 04:23:04.819093,2026-03-28 04:47:27.841341,0 days 00:24:23.022248,8,1,32,0.5,0.0017806980439500808,48,4,96,1.8044989047379548e-05,219,/Users/jackhenry/Library/CloudStorage/OneDrive-UniversityofCambridge/Labs and Courswork/IIB Coursework/4C11/4C11_assignment_3/artifacts/checkpoints/optuna_rnn_trial_0010.pt,"{""BATCH_SIZE"": 8, ""CORE_TYPE"": ""rnn"", ""EARLY_STOPPING_PATIENCE"": 60, ""EPOCHS"": 220, ""FEATURE_DEPTH"": 1, ""FEATURE_WIDTH"": 32, ""GRAD_CLIP_VALUE"": 0.5, ""LEARNING_RATE"": 0.0017806980439500808, ""LR_FACTOR"": 0.5, ""LR_PATIENCE"": 15, ""MIN_EPOCHS"": 90, ""MODEL_TAG"": ""optuna_rnn_trial_0010"", ""NUM_WORKERS"": 0, ""N_HIDDEN"": 48, ""PRINT_EVERY_EPOCHS"": 10, ""READOUT_DEPTH"": 4, ""READOUT_WIDTH"": 96, ""SEED"": 20260338, ""SHUFFLE"": true, ""USE_TRUE_INITIAL_OUTPUT"": true, ""VERBOSE"": false, ""WEIGHT_DECAY"": 1.8044989047379548e-05}",1463.0037494580029,COMPLETE
11,5.440689619717887e-06,2026-03-28 04:47:27.922749,2026-03-28 05:11:43.998345,0 days 00:24:16.075596,8,1,32,0.5,0.0018177929193890178,48,4,96,1.8123914365651553e-05,215,/Users/jackhenry/Library/CloudStorage/OneDrive-UniversityofCambridge/Labs and Courswork/IIB Coursework/4C11/4C11_assignment_3/artifacts/checkpoints/optuna_rnn_trial_0011.pt,"{""BATCH_SIZE"": 8, ""CORE_TYPE"": ""rnn"", ""EARLY_STOPPING_PATIENCE"": 60, ""EPOCHS"": 220, ""FEATURE_DEPTH"": 1, ""FEATURE_WIDTH"": 32, ""GRAD_CLIP_VALUE"": 0.5, ""LEARNING_RATE"": 0.0018177929193890178, ""LR_FACTOR"": 0.5, ""LR_PATIENCE"": 15, ""MIN_EPOCHS"": 90, ""MODEL_TAG"": ""optuna_rnn_trial_0011"", ""NUM_WORKERS"": 0, ""N_HIDDEN"": 48, ""PRINT_EVERY_EPOCHS"": 10, ""READOUT_DEPTH"": 4, ""READOUT_WIDTH"": 96, ""SEED"": 20260339, ""SHUFFLE"": true, ""USE_TRUE_INITIAL_OUTPUT"": true, ""VERBOSE"": false, ""WEIGHT_DECAY"": 1.8123914365651553e-05}",1456.059332040997,COMPLETE
12,6.757098617526935e-06,2026-03-28 05:11:44.079398,2026-03-28 05:36:08.549160,0 days 00:24:24.469762,8,1,32,0.5,0.002050622083636283,48,4,96,2.494389509143592e-05,207,/Users/jackhenry/Library/CloudStorage/OneDrive-UniversityofCambridge/Labs and Courswork/IIB Coursework/4C11/4C11_assignment_3/artifacts/checkpoints/optuna_rnn_trial_0012.pt,"{""BATCH_SIZE"": 8, ""CORE_TYPE"": ""rnn"", ""EARLY_STOPPING_PATIENCE"": 60, ""EPOCHS"": 220, ""FEATURE_DEPTH"": 1, ""FEATURE_WIDTH"": 32, ""GRAD_CLIP_VALUE"": 0.5, ""LEARNING_RATE"": 0.002050622083636283, ""LR_FACTOR"": 0.5, ""LR_PATIENCE"": 15, ""MIN_EPOCHS"": 90, ""MODEL_TAG"": ""optuna_rnn_trial_0012"", ""NUM_WORKERS"": 0, ""N_HIDDEN"": 48, ""PRINT_EVERY_EPOCHS"": 10, ""READOUT_DEPTH"": 4, ""READOUT_WIDTH"": 96, ""SEED"": 20260340, ""SHUFFLE"": true, ""USE_TRUE_INITIAL_OUTPUT"": true, ""VERBOSE"": false, ""WEIGHT_DECAY"": 2.494389509143592e-05}",1464.4537107919969,COMPLETE
13,6.674776614090661e-06,2026-03-28 05:36:08.631878,2026-03-28 06:01:49.259934,0 days 00:25:40.628056,8,1,96,0.5,0.0001014003804210052,40,4,96,1.225217127135918e-06,204,/Users/jackhenry/Library/CloudStorage/OneDrive-UniversityofCambridge/Labs and Courswork/IIB Coursework/4C11/4C11_assignment_3/artifacts/checkpoints/optuna_rnn_trial_0013.pt,"{""BATCH_SIZE"": 8, ""CORE_TYPE"": ""rnn"", ""EARLY_STOPPING_PATIENCE"": 60, ""EPOCHS"": 220, ""FEATURE_DEPTH"": 1, ""FEATURE_WIDTH"": 96, ""GRAD_CLIP_VALUE"": 0.5, ""LEARNING_RATE"": 0.0001014003804210052, ""LR_FACTOR"": 0.5, ""LR_PATIENCE"": 15, ""MIN_EPOCHS"": 90, ""MODEL_TAG"": ""optuna_rnn_trial_0013"", ""NUM_WORKERS"": 0, ""N_HIDDEN"": 40, ""PRINT_EVERY_EPOCHS"": 10, ""READOUT_DEPTH"": 4, ""READOUT_WIDTH"": 96, ""SEED"": 20260341, ""SHUFFLE"": true, ""USE_TRUE_INITIAL_OUTPUT"": true, ""VERBOSE"": false, ""WEIGHT_DECAY"": 1.225217127135918e-06}",1540.6110035829988,COMPLETE
14,6.89014495947049e-06,2026-03-28 06:01:49.346247,2026-03-28 06:26:16.701691,0 days 00:24:27.355444,8,1,96,0.5,0.00013526051541629767,40,4,64,1.0855418704983303e-06,219,/Users/jackhenry/Library/CloudStorage/OneDrive-UniversityofCambridge/Labs and Courswork/IIB Coursework/4C11/4C11_assignment_3/artifacts/checkpoints/optuna_rnn_trial_0014.pt,"{""BATCH_SIZE"": 8, ""CORE_TYPE"": ""rnn"", ""EARLY_STOPPING_PATIENCE"": 60, ""EPOCHS"": 220, ""FEATURE_DEPTH"": 1, ""FEATURE_WIDTH"": 96, ""GRAD_CLIP_VALUE"": 0.5, ""LEARNING_RATE"": 0.00013526051541629767, ""LR_FACTOR"": 0.5, ""LR_PATIENCE"": 15, ""MIN_EPOCHS"": 90, ""MODEL_TAG"": ""optuna_rnn_trial_0014"", ""NUM_WORKERS"": 0, ""N_HIDDEN"": 40, ""PRINT_EVERY_EPOCHS"": 10, ""READOUT_DEPTH"": 4, ""READOUT_WIDTH"": 64, ""SEED"": 20260342, ""SHUFFLE"": true, ""USE_TRUE_INITIAL_OUTPUT"": true, ""VERBOSE"": false, ""WEIGHT_DECAY"": 1.0855418704983303e-06}",1467.33827475,COMPLETE
15,7.623983492521802e-06,2026-03-28 06:26:16.783570,2026-03-28 06:50:56.426356,0 days 00:24:39.642786,8,1,96,0.5,0.00010921668619921638,20,4,96,1.370286508664745e-06,213,/Users/jackhenry/Library/CloudStorage/OneDrive-UniversityofCambridge/Labs and Courswork/IIB Coursework/4C11/4C11_assignment_3/artifacts/checkpoints/optuna_rnn_trial_0015.pt,"{""BATCH_SIZE"": 8, ""CORE_TYPE"": ""rnn"", ""EARLY_STOPPING_PATIENCE"": 60, ""EPOCHS"": 220, ""FEATURE_DEPTH"": 1, ""FEATURE_WIDTH"": 96, ""GRAD_CLIP_VALUE"": 0.5, ""LEARNING_RATE"": 0.00010921668619921638, ""LR_FACTOR"": 0.5, ""LR_PATIENCE"": 15, ""MIN_EPOCHS"": 90, ""MODEL_TAG"": ""optuna_rnn_trial_0015"", ""NUM_WORKERS"": 0, ""N_HIDDEN"": 20, ""PRINT_EVERY_EPOCHS"": 10, ""READOUT_DEPTH"": 4, ""READOUT_WIDTH"": 96, ""SEED"": 20260343, ""SHUFFLE"": true, ""USE_TRUE_INITIAL_OUTPUT"": true, ""VERBOSE"": false, ""WEIGHT_DECAY"": 1.370286508664745e-06}",1479.626800500002,COMPLETE
16,6.194527941261185e-06,2026-03-28 06:50:56.508427,2026-03-28 07:11:53.654837,0 days 00:20:57.146410,8,1,96,0.5,0.0009554330162453025,36,3,96,3.83340094419606e-06,220,/Users/jackhenry/Library/CloudStorage/OneDrive-UniversityofCambridge/Labs and Courswork/IIB Coursework/4C11/4C11_assignment_3/artifacts/checkpoints/optuna_rnn_trial_0016.pt,"{""BATCH_SIZE"": 8, ""CORE_TYPE"": ""rnn"", ""EARLY_STOPPING_PATIENCE"": 60, ""EPOCHS"": 220, ""FEATURE_DEPTH"": 1, ""FEATURE_WIDTH"": 96, ""GRAD_CLIP_VALUE"": 0.5, ""LEARNING_RATE"": 0.0009554330162453025, ""LR_FACTOR"": 0.5, ""LR_PATIENCE"": 15, ""MIN_EPOCHS"": 90, ""MODEL_TAG"": ""optuna_rnn_trial_0016"", ""NUM_WORKERS"": 0, ""N_HIDDEN"": 36, ""PRINT_EVERY_EPOCHS"": 10, ""READOUT_DEPTH"": 3, ""READOUT_WIDTH"": 96, ""SEED"": 20260344, ""SHUFFLE"": true, ""USE_TRUE_INITIAL_OUTPUT"": true, ""VERBOSE"": false, ""WEIGHT_DECAY"": 3.83340094419606e-06}",1257.129867249998,COMPLETE
17,7.017929419816937e-06,2026-03-28 07:11:53.734885,2026-03-28 07:32:31.572649,0 days 00:20:37.837764,8,1,96,1.0,0.0007371415384109682,36,3,64,4.465847014845103e-06,190,/Users/jackhenry/Library/CloudStorage/OneDrive-UniversityofCambridge/Labs and Courswork/IIB Coursework/4C11/4C11_assignment_3/artifacts/checkpoints/optuna_rnn_trial_0017.pt,"{""BATCH_SIZE"": 8, ""CORE_TYPE"": ""rnn"", ""EARLY_STOPPING_PATIENCE"": 60, ""EPOCHS"": 220, ""FEATURE_DEPTH"": 1, ""FEATURE_WIDTH"": 96, ""GRAD_CLIP_VALUE"": 1.0, ""LEARNING_RATE"": 0.0007371415384109682, ""LR_FACTOR"": 0.5, ""LR_PATIENCE"": 15, ""MIN_EPOCHS"": 90, ""MODEL_TAG"": ""optuna_rnn_trial_0017"", ""NUM_WORKERS"": 0, ""N_HIDDEN"": 36, ""PRINT_EVERY_EPOCHS"": 10, ""READOUT_DEPTH"": 3, ""READOUT_WIDTH"": 64, ""SEED"": 20260345, ""SHUFFLE"": true, ""USE_TRUE_INITIAL_OUTPUT"": true, ""VERBOSE"": false, ""WEIGHT_DECAY"": 4.465847014845103e-06}",1237.8214981249985,COMPLETE
18,7.497450496884994e-06,2026-03-28 07:32:31.649930,2026-03-28 07:53:00.834475,0 days 00:20:29.184545,8,1,32,0.5,0.0011056656091057307,24,3,96,5.541886649530144e-05,206,/Users/jackhenry/Library/CloudStorage/OneDrive-UniversityofCambridge/Labs and Courswork/IIB Coursework/4C11/4C11_assignment_3/artifacts/checkpoints/optuna_rnn_trial_0018.pt,"{""BATCH_SIZE"": 8, ""CORE_TYPE"": ""rnn"", ""EARLY_STOPPING_PATIENCE"": 60, ""EPOCHS"": 220, ""FEATURE_DEPTH"": 1, ""FEATURE_WIDTH"": 32, ""GRAD_CLIP_VALUE"": 0.5, ""LEARNING_RATE"": 0.0011056656091057307, ""LR_FACTOR"": 0.5, ""LR_PATIENCE"": 15, ""MIN_EPOCHS"": 90, ""MODEL_TAG"": ""optuna_rnn_trial_0018"", ""NUM_WORKERS"": 0, ""N_HIDDEN"": 24, ""PRINT_EVERY_EPOCHS"": 10, ""READOUT_DEPTH"": 3, ""READOUT_WIDTH"": 96, ""SEED"": 20260346, ""SHUFFLE"": true, ""USE_TRUE_INITIAL_OUTPUT"": true, ""VERBOSE"": false, ""WEIGHT_DECAY"": 5.541886649530144e-05}",1229.167839958005,COMPLETE
19,6.7419623519526795e-06,2026-03-28 07:53:00.930116,2026-03-28 08:17:58.487240,0 days 00:24:57.557124,8,2,96,0.5,0.002785012171077625,48,3,96,5.893644248595539e-06,219,/Users/jackhenry/Library/CloudStorage/OneDrive-UniversityofCambridge/Labs and Courswork/IIB Coursework/4C11/4C11_assignment_3/artifacts/checkpoints/optuna_rnn_trial_0019.pt,"{""BATCH_SIZE"": 8, ""CORE_TYPE"": ""rnn"", ""EARLY_STOPPING_PATIENCE"": 60, ""EPOCHS"": 220, ""FEATURE_DEPTH"": 2, ""FEATURE_WIDTH"": 96, ""GRAD_CLIP_VALUE"": 0.5, ""LEARNING_RATE"": 0.002785012171077625, ""LR_FACTOR"": 0.5, ""LR_PATIENCE"": 15, ""MIN_EPOCHS"": 90, ""MODEL_TAG"": ""optuna_rnn_trial_0019"", ""NUM_WORKERS"": 0, ""N_HIDDEN"": 48, ""PRINT_EVERY_EPOCHS"": 10, ""READOUT_DEPTH"": 3, ""READOUT_WIDTH"": 96, ""SEED"": 20260347, ""SHUFFLE"": true, ""USE_TRUE_INITIAL_OUTPUT"": true, ""VERBOSE"": false, ""WEIGHT_DECAY"": 5.893644248595539e-06}",1497.5407620829938,COMPLETE
20,6.739361197105609e-06,2026-03-28 08:17:58.575957,2026-03-28 08:42:10.318911,0 days 00:24:11.742954,8,1,32,0.5,0.0004868381301659726,36,3,96,5.1075210179839083e-05,213,/Users/jackhenry/Library/CloudStorage/OneDrive-UniversityofCambridge/Labs and Courswork/IIB Coursework/4C11/4C11_assignment_3/artifacts/checkpoints/optuna_rnn_trial_0020.pt,"{""BATCH_SIZE"": 8, ""CORE_TYPE"": ""rnn"", ""EARLY_STOPPING_PATIENCE"": 60, ""EPOCHS"": 220, ""FEATURE_DEPTH"": 1, ""FEATURE_WIDTH"": 32, ""GRAD_CLIP_VALUE"": 0.5, ""LEARNING_RATE"": 0.0004868381301659726, ""LR_FACTOR"": 0.5, ""LR_PATIENCE"": 15, ""MIN_EPOCHS"": 90, ""MODEL_TAG"": ""optuna_rnn_trial_0020"", ""NUM_WORKERS"": 0, ""N_HIDDEN"": 36, ""PRINT_EVERY_EPOCHS"": 10, ""READOUT_DEPTH"": 3, ""READOUT_WIDTH"": 96, ""SEED"": 20260348, ""SHUFFLE"": true, ""USE_TRUE_INITIAL_OUTPUT"": true, ""VERBOSE"": false, ""WEIGHT_DECAY"": 5.1075210179839083e-05}",1451.7244442499941,COMPLETE
21,6.512632353405934e-06,2026-03-28 08:42:10.416063,2026-03-28 09:19:05.779193,0 days 00:36:55.363130,8,1,96,0.5,0.0011583143973731326,40,4,96,2.2695859288772835e-06,216,/Users/jackhenry/Library/CloudStorage/OneDrive-UniversityofCambridge/Labs and Courswork/IIB Coursework/4C11/4C11_assignment_3/artifacts/checkpoints/optuna_rnn_trial_0021.pt,"{""BATCH_SIZE"": 8, ""CORE_TYPE"": ""rnn"", ""EARLY_STOPPING_PATIENCE"": 60, ""EPOCHS"": 220, ""FEATURE_DEPTH"": 1, ""FEATURE_WIDTH"": 96, ""GRAD_CLIP_VALUE"": 0.5, ""LEARNING_RATE"": 0.0011583143973731326, ""LR_FACTOR"": 0.5, ""LR_PATIENCE"": 15, ""MIN_EPOCHS"": 90, ""MODEL_TAG"": ""optuna_rnn_trial_0021"", ""NUM_WORKERS"": 0, ""N_HIDDEN"": 40, ""PRINT_EVERY_EPOCHS"": 10, ""READOUT_DEPTH"": 4, ""READOUT_WIDTH"": 96, ""SEED"": 20260349, ""SHUFFLE"": true, ""USE_TRUE_INITIAL_OUTPUT"": true, ""VERBOSE"": false, ""WEIGHT_DECAY"": 2.2695859288772835e-06}",2215.336983791989,COMPLETE
