number,value,datetime_start,datetime_complete,duration,params_BATCH_SIZE,params_FEATURE_DEPTH,params_FEATURE_WIDTH,params_GRAD_CLIP_VALUE,params_LEARNING_RATE,params_N_HIDDEN,params_READOUT_DEPTH,params_READOUT_WIDTH,params_WEIGHT_DECAY,user_attrs_best_epoch,user_attrs_checkpoint_path,user_attrs_config,user_attrs_elapsed_seconds,state
22,9.401470038028492e-07,2026-03-29 04:44:32.387053,2026-03-29 05:10:40.667687,0 days 00:26:08.280634,8,1,32,0.5,0.002696232122553404,24,3,64,4.9533650558491e-06,214,/Users/jackhenry/Library/CloudStorage/OneDrive-UniversityofCambridge/Labs and Courswork/IIB Coursework/4C11/4C11_assignment_3/artifacts/checkpoints/optuna_gru_trial_0022.pt,"{""BATCH_SIZE"": 8, ""CORE_TYPE"": ""gru"", ""EARLY_STOPPING_PATIENCE"": 60, ""EPOCHS"": 220, ""FEATURE_DEPTH"": 1, ""FEATURE_WIDTH"": 32, ""GRAD_CLIP_VALUE"": 0.5, ""LEARNING_RATE"": 0.002696232122553404, ""LR_FACTOR"": 0.5, ""LR_PATIENCE"": 15, ""MIN_EPOCHS"": 90, ""MODEL_TAG"": ""optuna_gru_trial_0022"", ""NUM_WORKERS"": 0, ""N_HIDDEN"": 24, ""PRINT_EVERY_EPOCHS"": 10, ""READOUT_DEPTH"": 3, ""READOUT_WIDTH"": 64, ""SEED"": 20260350, ""SHUFFLE"": true, ""USE_TRUE_INITIAL_OUTPUT"": true, ""VERBOSE"": false, ""WEIGHT_DECAY"": 4.9533650558491e-06}",1568.2640682090132,COMPLETE
23,8.722415714146337e-07,2026-03-29 05:10:40.755363,2026-03-29 05:38:54.085469,0 days 00:28:13.330106,8,1,32,0.5,0.0033542077344422935,40,3,64,1.5814006286694637e-06,220,/Users/jackhenry/Library/CloudStorage/OneDrive-UniversityofCambridge/Labs and Courswork/IIB Coursework/4C11/4C11_assignment_3/artifacts/checkpoints/optuna_gru_trial_0023.pt,"{""BATCH_SIZE"": 8, ""CORE_TYPE"": ""gru"", ""EARLY_STOPPING_PATIENCE"": 60, ""EPOCHS"": 220, ""FEATURE_DEPTH"": 1, ""FEATURE_WIDTH"": 32, ""GRAD_CLIP_VALUE"": 0.5, ""LEARNING_RATE"": 0.0033542077344422935, ""LR_FACTOR"": 0.5, ""LR_PATIENCE"": 15, ""MIN_EPOCHS"": 90, ""MODEL_TAG"": ""optuna_gru_trial_0023"", ""NUM_WORKERS"": 0, ""N_HIDDEN"": 40, ""PRINT_EVERY_EPOCHS"": 10, ""READOUT_DEPTH"": 3, ""READOUT_WIDTH"": 64, ""SEED"": 20260351, ""SHUFFLE"": true, ""USE_TRUE_INITIAL_OUTPUT"": true, ""VERBOSE"": false, ""WEIGHT_DECAY"": 1.5814006286694637e-06}",1693.3128668339923,COMPLETE
24,9.480334028921789e-07,2026-03-29 05:38:54.168833,2026-03-29 06:05:26.417679,0 days 00:26:32.248846,8,1,32,1.0,0.003817683931219727,40,3,64,1.0823340605199034e-06,220,/Users/jackhenry/Library/CloudStorage/OneDrive-UniversityofCambridge/Labs and Courswork/IIB Coursework/4C11/4C11_assignment_3/artifacts/checkpoints/optuna_gru_trial_0024.pt,"{""BATCH_SIZE"": 8, ""CORE_TYPE"": ""gru"", ""EARLY_STOPPING_PATIENCE"": 60, ""EPOCHS"": 220, ""FEATURE_DEPTH"": 1, ""FEATURE_WIDTH"": 32, ""GRAD_CLIP_VALUE"": 1.0, ""LEARNING_RATE"": 0.003817683931219727, ""LR_FACTOR"": 0.5, ""LR_PATIENCE"": 15, ""MIN_EPOCHS"": 90, ""MODEL_TAG"": ""optuna_gru_trial_0024"", ""NUM_WORKERS"": 0, ""N_HIDDEN"": 40, ""PRINT_EVERY_EPOCHS"": 10, ""READOUT_DEPTH"": 3, ""READOUT_WIDTH"": 64, ""SEED"": 20260352, ""SHUFFLE"": true, ""USE_TRUE_INITIAL_OUTPUT"": true, ""VERBOSE"": false, ""WEIGHT_DECAY"": 1.0823340605199034e-06}",1592.2018413750047,COMPLETE
25,9.930290616466664e-07,2026-03-29 06:05:26.501614,2026-03-29 06:35:47.951792,0 days 00:30:21.450178,8,2,32,0.5,0.0016066306760030926,36,3,96,2.3453763681237607e-06,212,/Users/jackhenry/Library/CloudStorage/OneDrive-UniversityofCambridge/Labs and Courswork/IIB Coursework/4C11/4C11_assignment_3/artifacts/checkpoints/optuna_gru_trial_0025.pt,"{""BATCH_SIZE"": 8, ""CORE_TYPE"": ""gru"", ""EARLY_STOPPING_PATIENCE"": 60, ""EPOCHS"": 220, ""FEATURE_DEPTH"": 2, ""FEATURE_WIDTH"": 32, ""GRAD_CLIP_VALUE"": 0.5, ""LEARNING_RATE"": 0.0016066306760030926, ""LR_FACTOR"": 0.5, ""LR_PATIENCE"": 15, ""MIN_EPOCHS"": 90, ""MODEL_TAG"": ""optuna_gru_trial_0025"", ""NUM_WORKERS"": 0, ""N_HIDDEN"": 36, ""PRINT_EVERY_EPOCHS"": 10, ""READOUT_DEPTH"": 3, ""READOUT_WIDTH"": 96, ""SEED"": 20260353, ""SHUFFLE"": true, ""USE_TRUE_INITIAL_OUTPUT"": true, ""VERBOSE"": false, ""WEIGHT_DECAY"": 2.3453763681237607e-06}",1821.4348035829898,COMPLETE
26,1.0906845773206442e-06,2026-03-29 06:35:48.031945,2026-03-29 07:06:09.391905,0 days 00:30:21.359960,8,1,32,0.5,0.0007206008549292468,44,4,64,4.256075906139441e-05,215,/Users/jackhenry/Library/CloudStorage/OneDrive-UniversityofCambridge/Labs and Courswork/IIB Coursework/4C11/4C11_assignment_3/artifacts/checkpoints/optuna_gru_trial_0026.pt,"{""BATCH_SIZE"": 8, ""CORE_TYPE"": ""gru"", ""EARLY_STOPPING_PATIENCE"": 60, ""EPOCHS"": 220, ""FEATURE_DEPTH"": 1, ""FEATURE_WIDTH"": 32, ""GRAD_CLIP_VALUE"": 0.5, ""LEARNING_RATE"": 0.0007206008549292468, ""LR_FACTOR"": 0.5, ""LR_PATIENCE"": 15, ""MIN_EPOCHS"": 90, ""MODEL_TAG"": ""optuna_gru_trial_0026"", ""NUM_WORKERS"": 0, ""N_HIDDEN"": 44, ""PRINT_EVERY_EPOCHS"": 10, ""READOUT_DEPTH"": 4, ""READOUT_WIDTH"": 64, ""SEED"": 20260354, ""SHUFFLE"": true, ""USE_TRUE_INITIAL_OUTPUT"": true, ""VERBOSE"": false, ""WEIGHT_DECAY"": 4.256075906139441e-05}",1821.3359382500057,COMPLETE
27,1.2234528412591317e-06,2026-03-29 07:06:09.492145,2026-03-29 07:35:30.594487,0 days 00:29:21.102342,8,1,32,0.5,0.004809552998903901,32,4,64,1.032949994076623e-05,213,/Users/jackhenry/Library/CloudStorage/OneDrive-UniversityofCambridge/Labs and Courswork/IIB Coursework/4C11/4C11_assignment_3/artifacts/checkpoints/optuna_gru_trial_0027.pt,"{""BATCH_SIZE"": 8, ""CORE_TYPE"": ""gru"", ""EARLY_STOPPING_PATIENCE"": 60, ""EPOCHS"": 220, ""FEATURE_DEPTH"": 1, ""FEATURE_WIDTH"": 32, ""GRAD_CLIP_VALUE"": 0.5, ""LEARNING_RATE"": 0.004809552998903901, ""LR_FACTOR"": 0.5, ""LR_PATIENCE"": 15, ""MIN_EPOCHS"": 90, ""MODEL_TAG"": ""optuna_gru_trial_0027"", ""NUM_WORKERS"": 0, ""N_HIDDEN"": 32, ""PRINT_EVERY_EPOCHS"": 10, ""READOUT_DEPTH"": 4, ""READOUT_WIDTH"": 64, ""SEED"": 20260355, ""SHUFFLE"": true, ""USE_TRUE_INITIAL_OUTPUT"": true, ""VERBOSE"": false, ""WEIGHT_DECAY"": 1.032949994076623e-05}",1761.0861229159927,COMPLETE
28,1.3940386907052016e-06,2026-03-29 07:35:30.676140,2026-03-29 07:51:39.352721,0 days 00:16:08.676581,16,2,64,0.5,0.0032203446399962734,44,3,96,9.008216945748149e-05,141,/Users/jackhenry/Library/CloudStorage/OneDrive-UniversityofCambridge/Labs and Courswork/IIB Coursework/4C11/4C11_assignment_3/artifacts/checkpoints/optuna_gru_trial_0028.pt,"{""BATCH_SIZE"": 16, ""CORE_TYPE"": ""gru"", ""EARLY_STOPPING_PATIENCE"": 60, ""EPOCHS"": 220, ""FEATURE_DEPTH"": 2, ""FEATURE_WIDTH"": 64, ""GRAD_CLIP_VALUE"": 0.5, ""LEARNING_RATE"": 0.0032203446399962734, ""LR_FACTOR"": 0.5, ""LR_PATIENCE"": 15, ""MIN_EPOCHS"": 90, ""MODEL_TAG"": ""optuna_gru_trial_0028"", ""NUM_WORKERS"": 0, ""N_HIDDEN"": 44, ""PRINT_EVERY_EPOCHS"": 10, ""READOUT_DEPTH"": 3, ""READOUT_WIDTH"": 96, ""SEED"": 20260356, ""SHUFFLE"": true, ""USE_TRUE_INITIAL_OUTPUT"": true, ""VERBOSE"": false, ""WEIGHT_DECAY"": 9.008216945748149e-05}",968.6569560420176,COMPLETE
29,1.612601408851333e-06,2026-03-29 07:51:39.450198,2026-03-29 08:01:57.804601,0 days 00:10:18.354403,32,1,96,1.0,0.0008126118189188723,40,3,128,2.731867303972046e-06,214,/Users/jackhenry/Library/CloudStorage/OneDrive-UniversityofCambridge/Labs and Courswork/IIB Coursework/4C11/4C11_assignment_3/artifacts/checkpoints/optuna_gru_trial_0029.pt,"{""BATCH_SIZE"": 32, ""CORE_TYPE"": ""gru"", ""EARLY_STOPPING_PATIENCE"": 60, ""EPOCHS"": 220, ""FEATURE_DEPTH"": 1, ""FEATURE_WIDTH"": 96, ""GRAD_CLIP_VALUE"": 1.0, ""LEARNING_RATE"": 0.0008126118189188723, ""LR_FACTOR"": 0.5, ""LR_PATIENCE"": 15, ""MIN_EPOCHS"": 90, ""MODEL_TAG"": ""optuna_gru_trial_0029"", ""NUM_WORKERS"": 0, ""N_HIDDEN"": 40, ""PRINT_EVERY_EPOCHS"": 10, ""READOUT_DEPTH"": 3, ""READOUT_WIDTH"": 128, ""SEED"": 20260357, ""SHUFFLE"": true, ""USE_TRUE_INITIAL_OUTPUT"": true, ""VERBOSE"": false, ""WEIGHT_DECAY"": 2.731867303972046e-06}",618.3359952079772,COMPLETE
