number,value,datetime_start,datetime_complete,duration,params_BATCH_SIZE,params_FEATURE_DEPTH,params_FEATURE_WIDTH,params_GRAD_CLIP_VALUE,params_LEARNING_RATE,params_N_HIDDEN,params_READOUT_DEPTH,params_READOUT_WIDTH,params_WEIGHT_DECAY,user_attrs_best_epoch,user_attrs_checkpoint_path,user_attrs_config,user_attrs_elapsed_seconds,state
22,5.892688477615593e-06,2026-03-28 09:19:05.917223,2026-03-28 10:02:50.719548,0 days 00:43:44.802325,8,1,96,0.5,0.001167065449470938,44,4,96,3.7722931542229385e-06,207,/Users/jackhenry/Library/CloudStorage/OneDrive-UniversityofCambridge/Labs and Courswork/IIB Coursework/4C11/4C11_assignment_3/artifacts/checkpoints/optuna_rnn_trial_0022.pt,"{""BATCH_SIZE"": 8, ""CORE_TYPE"": ""rnn"", ""EARLY_STOPPING_PATIENCE"": 60, ""EPOCHS"": 220, ""FEATURE_DEPTH"": 1, ""FEATURE_WIDTH"": 96, ""GRAD_CLIP_VALUE"": 0.5, ""LEARNING_RATE"": 0.001167065449470938, ""LR_FACTOR"": 0.5, ""LR_PATIENCE"": 15, ""MIN_EPOCHS"": 90, ""MODEL_TAG"": ""optuna_rnn_trial_0022"", ""NUM_WORKERS"": 0, ""N_HIDDEN"": 44, ""PRINT_EVERY_EPOCHS"": 10, ""READOUT_DEPTH"": 4, ""READOUT_WIDTH"": 96, ""SEED"": 20260350, ""SHUFFLE"": true, ""USE_TRUE_INITIAL_OUTPUT"": true, ""VERBOSE"": false, ""WEIGHT_DECAY"": 3.7722931542229385e-06}",2624.7491348339972,COMPLETE
23,6.994539035076741e-06,2026-03-28 10:02:50.868327,2026-03-28 10:40:24.467400,0 days 00:37:33.599073,8,1,96,0.5,0.002584845655106127,44,3,96,8.169756928071128e-06,210,/Users/jackhenry/Library/CloudStorage/OneDrive-UniversityofCambridge/Labs and Courswork/IIB Coursework/4C11/4C11_assignment_3/artifacts/checkpoints/optuna_rnn_trial_0023.pt,"{""BATCH_SIZE"": 8, ""CORE_TYPE"": ""rnn"", ""EARLY_STOPPING_PATIENCE"": 60, ""EPOCHS"": 220, ""FEATURE_DEPTH"": 1, ""FEATURE_WIDTH"": 96, ""GRAD_CLIP_VALUE"": 0.5, ""LEARNING_RATE"": 0.002584845655106127, ""LR_FACTOR"": 0.5, ""LR_PATIENCE"": 15, ""MIN_EPOCHS"": 90, ""MODEL_TAG"": ""optuna_rnn_trial_0023"", ""NUM_WORKERS"": 0, ""N_HIDDEN"": 44, ""PRINT_EVERY_EPOCHS"": 10, ""READOUT_DEPTH"": 3, ""READOUT_WIDTH"": 96, ""SEED"": 20260351, ""SHUFFLE"": true, ""USE_TRUE_INITIAL_OUTPUT"": true, ""VERBOSE"": false, ""WEIGHT_DECAY"": 8.169756928071128e-06}",2253.5665181249933,COMPLETE
24,6.830515303590801e-06,2026-03-28 10:40:24.580856,2026-03-28 11:20:47.821062,0 days 00:40:23.240206,8,1,96,1.0,0.001335035070599725,32,4,64,3.410511375138862e-06,207,/Users/jackhenry/Library/CloudStorage/OneDrive-UniversityofCambridge/Labs and Courswork/IIB Coursework/4C11/4C11_assignment_3/artifacts/checkpoints/optuna_rnn_trial_0024.pt,"{""BATCH_SIZE"": 8, ""CORE_TYPE"": ""rnn"", ""EARLY_STOPPING_PATIENCE"": 60, ""EPOCHS"": 220, ""FEATURE_DEPTH"": 1, ""FEATURE_WIDTH"": 96, ""GRAD_CLIP_VALUE"": 1.0, ""LEARNING_RATE"": 0.001335035070599725, ""LR_FACTOR"": 0.5, ""LR_PATIENCE"": 15, ""MIN_EPOCHS"": 90, ""MODEL_TAG"": ""optuna_rnn_trial_0024"", ""NUM_WORKERS"": 0, ""N_HIDDEN"": 32, ""PRINT_EVERY_EPOCHS"": 10, ""READOUT_DEPTH"": 4, ""READOUT_WIDTH"": 64, ""SEED"": 20260352, ""SHUFFLE"": true, ""USE_TRUE_INITIAL_OUTPUT"": true, ""VERBOSE"": false, ""WEIGHT_DECAY"": 3.410511375138862e-06}",2423.2137038329965,COMPLETE
25,6.465937076427508e-06,2026-03-28 11:20:47.913639,2026-03-28 12:01:37.955574,0 days 00:40:50.041935,8,2,96,0.5,0.0009013340476645134,44,3,96,3.7151915907069416e-05,211,/Users/jackhenry/Library/CloudStorage/OneDrive-UniversityofCambridge/Labs and Courswork/IIB Coursework/4C11/4C11_assignment_3/artifacts/checkpoints/optuna_rnn_trial_0025.pt,"{""BATCH_SIZE"": 8, ""CORE_TYPE"": ""rnn"", ""EARLY_STOPPING_PATIENCE"": 60, ""EPOCHS"": 220, ""FEATURE_DEPTH"": 2, ""FEATURE_WIDTH"": 96, ""GRAD_CLIP_VALUE"": 0.5, ""LEARNING_RATE"": 0.0009013340476645134, ""LR_FACTOR"": 0.5, ""LR_PATIENCE"": 15, ""MIN_EPOCHS"": 90, ""MODEL_TAG"": ""optuna_rnn_trial_0025"", ""NUM_WORKERS"": 0, ""N_HIDDEN"": 44, ""PRINT_EVERY_EPOCHS"": 10, ""READOUT_DEPTH"": 3, ""READOUT_WIDTH"": 96, ""SEED"": 20260353, ""SHUFFLE"": true, ""USE_TRUE_INITIAL_OUTPUT"": true, ""VERBOSE"": false, ""WEIGHT_DECAY"": 3.7151915907069416e-05}",2450.0199046250054,COMPLETE
26,6.9072698352101725e-06,2026-03-28 12:01:38.084465,2026-03-28 12:43:55.162039,0 days 00:42:17.077574,8,1,96,0.5,0.0006341916760009589,36,4,96,9.061028607584506e-06,219,/Users/jackhenry/Library/CloudStorage/OneDrive-UniversityofCambridge/Labs and Courswork/IIB Coursework/4C11/4C11_assignment_3/artifacts/checkpoints/optuna_rnn_trial_0026.pt,"{""BATCH_SIZE"": 8, ""CORE_TYPE"": ""rnn"", ""EARLY_STOPPING_PATIENCE"": 60, ""EPOCHS"": 220, ""FEATURE_DEPTH"": 1, ""FEATURE_WIDTH"": 96, ""GRAD_CLIP_VALUE"": 0.5, ""LEARNING_RATE"": 0.0006341916760009589, ""LR_FACTOR"": 0.5, ""LR_PATIENCE"": 15, ""MIN_EPOCHS"": 90, ""MODEL_TAG"": ""optuna_rnn_trial_0026"", ""NUM_WORKERS"": 0, ""N_HIDDEN"": 36, ""PRINT_EVERY_EPOCHS"": 10, ""READOUT_DEPTH"": 4, ""READOUT_WIDTH"": 96, ""SEED"": 20260354, ""SHUFFLE"": true, ""USE_TRUE_INITIAL_OUTPUT"": true, ""VERBOSE"": false, ""WEIGHT_DECAY"": 9.061028607584506e-06}",2537.034452915992,COMPLETE
27,7.031839686533203e-06,2026-03-28 12:43:55.296648,2026-03-28 13:38:16.728596,0 days 00:54:21.431948,8,1,32,0.5,0.0029349964815141754,44,4,96,1.894611332683104e-06,218,/Users/jackhenry/Library/CloudStorage/OneDrive-UniversityofCambridge/Labs and Courswork/IIB Coursework/4C11/4C11_assignment_3/artifacts/checkpoints/optuna_rnn_trial_0027.pt,"{""BATCH_SIZE"": 8, ""CORE_TYPE"": ""rnn"", ""EARLY_STOPPING_PATIENCE"": 60, ""EPOCHS"": 220, ""FEATURE_DEPTH"": 1, ""FEATURE_WIDTH"": 32, ""GRAD_CLIP_VALUE"": 0.5, ""LEARNING_RATE"": 0.0029349964815141754, ""LR_FACTOR"": 0.5, ""LR_PATIENCE"": 15, ""MIN_EPOCHS"": 90, ""MODEL_TAG"": ""optuna_rnn_trial_0027"", ""NUM_WORKERS"": 0, ""N_HIDDEN"": 44, ""PRINT_EVERY_EPOCHS"": 10, ""READOUT_DEPTH"": 4, ""READOUT_WIDTH"": 96, ""SEED"": 20260355, ""SHUFFLE"": true, ""USE_TRUE_INITIAL_OUTPUT"": true, ""VERBOSE"": false, ""WEIGHT_DECAY"": 1.894611332683104e-06}",3261.3529656659957,COMPLETE
28,7.281597845576471e-06,2026-03-28 13:38:16.918268,2026-03-28 14:04:32.249267,0 days 00:26:15.330999,16,2,64,0.5,0.00034465987689573987,48,3,96,0.0006493224511851818,208,/Users/jackhenry/Library/CloudStorage/OneDrive-UniversityofCambridge/Labs and Courswork/IIB Coursework/4C11/4C11_assignment_3/artifacts/checkpoints/optuna_rnn_trial_0028.pt,"{""BATCH_SIZE"": 16, ""CORE_TYPE"": ""rnn"", ""EARLY_STOPPING_PATIENCE"": 60, ""EPOCHS"": 220, ""FEATURE_DEPTH"": 2, ""FEATURE_WIDTH"": 64, ""GRAD_CLIP_VALUE"": 0.5, ""LEARNING_RATE"": 0.00034465987689573987, ""LR_FACTOR"": 0.5, ""LR_PATIENCE"": 15, ""MIN_EPOCHS"": 90, ""MODEL_TAG"": ""optuna_rnn_trial_0028"", ""NUM_WORKERS"": 0, ""N_HIDDEN"": 48, ""PRINT_EVERY_EPOCHS"": 10, ""READOUT_DEPTH"": 3, ""READOUT_WIDTH"": 96, ""SEED"": 20260356, ""SHUFFLE"": true, ""USE_TRUE_INITIAL_OUTPUT"": true, ""VERBOSE"": false, ""WEIGHT_DECAY"": 0.0006493224511851818}",1575.292735791998,COMPLETE
29,8.541441275156103e-06,2026-03-28 14:04:32.404171,2026-03-28 14:15:46.171818,0 days 00:11:13.767647,32,1,96,1.0,0.0008556382550548144,28,3,64,2.7414244155852768e-06,214,/Users/jackhenry/Library/CloudStorage/OneDrive-UniversityofCambridge/Labs and Courswork/IIB Coursework/4C11/4C11_assignment_3/artifacts/checkpoints/optuna_rnn_trial_0029.pt,"{""BATCH_SIZE"": 32, ""CORE_TYPE"": ""rnn"", ""EARLY_STOPPING_PATIENCE"": 60, ""EPOCHS"": 220, ""FEATURE_DEPTH"": 1, ""FEATURE_WIDTH"": 96, ""GRAD_CLIP_VALUE"": 1.0, ""LEARNING_RATE"": 0.0008556382550548144, ""LR_FACTOR"": 0.5, ""LR_PATIENCE"": 15, ""MIN_EPOCHS"": 90, ""MODEL_TAG"": ""optuna_rnn_trial_0029"", ""NUM_WORKERS"": 0, ""N_HIDDEN"": 28, ""PRINT_EVERY_EPOCHS"": 10, ""READOUT_DEPTH"": 3, ""READOUT_WIDTH"": 64, ""SEED"": 20260357, ""SHUFFLE"": true, ""USE_TRUE_INITIAL_OUTPUT"": true, ""VERBOSE"": false, ""WEIGHT_DECAY"": 2.7414244155852768e-06}",673.7326178749936,COMPLETE
